<?xml version="1.0" encoding="UTF-8"?>
<!-- Generated by org.testng.reporters.JUnitReportReporter -->
<testsuite hostname="Chethan" failures="0" tests="1" name="com.crm.autodesk.ContactsTest.TC_26_CreateContactPortalUserTest" time="18.480" errors="0" timestamp="22 Sep 2021 10:08:14 GMT" skipped="0">
  <testcase classname="com.crm.autodesk.ContactsTest.TC_26_CreateContactPortalUserTest" name="createContactPortalUser" time="18.480"/>
</testsuite> <!-- com.crm.autodesk.ContactsTest.TC_26_CreateContactPortalUserTest -->
