<?xml version="1.0" encoding="UTF-8"?>
<!-- Generated by org.testng.reporters.JUnitReportReporter -->
<testsuite hostname="Chethan" failures="0" tests="1" name="com.crm.autodesk.ContactsTest.TC_01_CreateContactWithOrganisation" time="17.442" errors="0" timestamp="2021-09-08T20:08:26 IST" skipped="0">
  <testcase classname="com.crm.autodesk.ContactsTest.TC_01_CreateContactWithOrganisation" name="createContactWithOrganisation" time="17.442"/>
  <system-out/>
</testsuite> <!-- com.crm.autodesk.ContactsTest.TC_01_CreateContactWithOrganisation -->
