<?xml version="1.0" encoding="UTF-8"?>
<!-- Generated by org.testng.reporters.JUnitReportReporter -->
<testsuite hostname="Chethan" failures="0" tests="2" name="com.crm.autodesk.ContactsTest.TC_29_CreateContactReferenceTest" time="22.656" errors="0" timestamp="2021-09-15T13:15:20 IST" skipped="0">
  <testcase classname="com.crm.autodesk.ContactsTest.TC_29_CreateContactReferenceTest" name="createContactPortalUser" time="11.799"/>
  <system-out/>
  <testcase classname="com.crm.autodesk.ContactsTest.TC_29_CreateContactReferenceTest" name="createContactPortalUser" time="10.857"/>
  <system-out/>
</testsuite> <!-- com.crm.autodesk.ContactsTest.TC_29_CreateContactReferenceTest -->
