<?xml version="1.0" encoding="UTF-8"?>
<!-- Generated by org.testng.reporters.JUnitReportReporter -->
<testsuite hostname="Chethan" failures="0" tests="1" name="com.crm.practice.SelectAll_Vtiger" time="13.770" errors="0" timestamp="2021-09-07T22:27:44 IST" skipped="0">
  <testcase classname="com.crm.practice.SelectAll_Vtiger" name="selectAllTest" time="13.770"/>
  <system-out/>
</testsuite> <!-- com.crm.practice.SelectAll_Vtiger -->
