<?xml version="1.0" encoding="UTF-8"?>
<!-- Generated by org.testng.reporters.JUnitReportReporter -->
<testsuite hostname="Chethan" failures="0" tests="1" name="com.crm.autodesk.OrganisationsTest.TC_02_CreateOrganisationWithIndustry" time="20.383" errors="0" timestamp="2021-09-08T21:32:08 IST" skipped="0">
  <testcase classname="com.crm.autodesk.OrganisationsTest.TC_02_CreateOrganisationWithIndustry" name="createOrganisationWithRandomNumber" time="20.383"/>
  <system-out/>
</testsuite> <!-- com.crm.autodesk.OrganisationsTest.TC_02_CreateOrganisationWithIndustry -->
