<?xml version="1.0" encoding="UTF-8"?>
<!-- Generated by org.testng.reporters.JUnitReportReporter -->
<testsuite hostname="Chethan" failures="0" tests="1" name="com.crm.autodesk.ContactsTest.TC_27_CreateContactEmailOptOutTest" time="11.588" errors="0" timestamp="17 Sep 2021 07:05:01 GMT" skipped="0">
  <testcase classname="com.crm.autodesk.ContactsTest.TC_27_CreateContactEmailOptOutTest" name="createContactPortalUser" time="11.588"/>
</testsuite> <!-- com.crm.autodesk.ContactsTest.TC_27_CreateContactEmailOptOutTest -->
