<?xml version="1.0" encoding="UTF-8"?>
<!-- Generated by org.testng.reporters.JUnitReportReporter -->
<testsuite hostname="Chethan" failures="0" tests="1" name="com.crm.autodesk.ContactsTest.TC_30_CreateContactNotifyOwnerTest" time="9.952" errors="0" timestamp="17 Sep 2021 09:23:02 GMT" skipped="0">
  <testcase classname="com.crm.autodesk.ContactsTest.TC_30_CreateContactNotifyOwnerTest" name="createContactNotifyOwner" time="9.952"/>
</testsuite> <!-- com.crm.autodesk.ContactsTest.TC_30_CreateContactNotifyOwnerTest -->
