<?xml version="1.0" encoding="UTF-8"?>
<!-- Generated by org.testng.reporters.JUnitReportReporter -->
<testsuite hostname="Chethan" failures="0" tests="3" name="com.crm.autodesk.ContactsTest.CreateContactWithMultipleData" time="29.581" errors="0" timestamp="2021-09-15T23:56:17 IST" skipped="0">
  <testcase classname="com.crm.autodesk.ContactsTest.CreateContactWithMultipleData" name="createContactwithMultiple" time="9.835"/>
  <system-out/>
  <testcase classname="com.crm.autodesk.ContactsTest.CreateContactWithMultipleData" name="createContactwithMultiple" time="9.981"/>
  <system-out/>
  <testcase classname="com.crm.autodesk.ContactsTest.CreateContactWithMultipleData" name="createContactwithMultiple" time="9.765"/>
  <system-out/>
</testsuite> <!-- com.crm.autodesk.ContactsTest.CreateContactWithMultipleData -->
