<?xml version="1.0" encoding="UTF-8"?>
<!-- Generated by org.testng.reporters.JUnitReportReporter -->
<testsuite hostname="Chethan" failures="0" tests="1" name="practice.AccountStatus_UnitTest" time="0.535" errors="0" timestamp="2021-09-07T22:42:33 IST" skipped="0">
  <testcase classname="practice.AccountStatus_UnitTest" name="testAccountType" time="0.535"/>
  <system-out/>
</testsuite> <!-- practice.AccountStatus_UnitTest -->
