<?xml version="1.0" encoding="UTF-8"?>
<!-- Generated by org.testng.reporters.JUnitReportReporter -->
<testsuite hostname="Chethan" failures="0" tests="1" name="jDBC.Sample_MavenParamenterTest" time="6.671" errors="0" timestamp="28 Jul 2022 17:56:41 GMT" skipped="0">
  <testcase classname="jDBC.Sample_MavenParamenterTest" name="sampleTest" time="6.671"/>
</testsuite> <!-- jDBC.Sample_MavenParamenterTest -->
