<?xml version="1.0" encoding="UTF-8"?>
<!-- Generated by org.testng.reporters.JUnitReportReporter -->
<testsuite hostname="Chethan" failures="0" tests="1" name="com.crm.autodesk.ProductTest.TC_01_CreateProductAndVerify" time="18.409" errors="0" timestamp="2021-09-09T14:41:31 IST" skipped="0">
  <testcase classname="com.crm.autodesk.ProductTest.TC_01_CreateProductAndVerify" name="createProductAndVerify" time="18.409"/>
  <system-out/>
</testsuite> <!-- com.crm.autodesk.ProductTest.TC_01_CreateProductAndVerify -->
