<?xml version="1.0" encoding="UTF-8"?>
<!-- Generated by org.testng.reporters.JUnitReportReporter -->
<testsuite hostname="Chethan" failures="0" tests="1" name="com.crm.practice.ReadDataXML" time="0.011" errors="0" timestamp="2021-09-07T17:44:21 IST" skipped="0">
  <testcase classname="com.crm.practice.ReadDataXML" name="readDataXML" time="0.011"/>
  <system-out/>
</testsuite> <!-- com.crm.practice.ReadDataXML -->
