<?xml version="1.0" encoding="UTF-8"?>
<!-- Generated by org.testng.reporters.JUnitReportReporter -->
<testsuite hostname="Chethan" failures="0" tests="1" name="practice.Test" time="0.008" errors="0" timestamp="28 Sep 2021 16:59:54 GMT" skipped="0">
  <testcase classname="practice.Test" name="CreateTest" time="0.008"/>
</testsuite> <!-- practice.Test -->
