<?xml version="1.0" encoding="UTF-8"?>
<!-- Generated by org.testng.reporters.JUnitReportReporter -->
<testsuite hostname="Chethan" failures="0" tests="1" name="com.crm.autodesk.ContactsTest.GetText" time="8.527" errors="0" timestamp="17 Sep 2021 05:07:56 GMT" skipped="0">
  <testcase classname="com.crm.autodesk.ContactsTest.GetText" name="CreateContactwithGetText" time="8.527"/>
</testsuite> <!-- com.crm.autodesk.ContactsTest.GetText -->
